2024-12-27 14:41:19.983 [info] Reading sessions from keychain...
2024-12-27 14:41:19.983 [info] Getting sessions for all scopes...
2024-12-27 14:41:19.983 [info] Getting sessions for all scopes...
2024-12-27 14:41:19.983 [info] Getting sessions for all scopes...
2024-12-27 14:41:20.283 [info] Getting sessions for all scopes...
2024-12-27 14:41:20.284 [info] Getting sessions for all scopes...
2024-12-27 14:41:20.284 [info] Getting sessions for all scopes...
2024-12-27 14:41:20.284 [info] Getting sessions for all scopes...
2024-12-27 14:41:20.284 [info] Getting sessions for all scopes...
2024-12-27 14:41:21.530 [info] Got 0 sessions for ...
2024-12-27 14:41:21.530 [info] Got 0 sessions for ...
2024-12-27 14:41:21.530 [info] Got 0 sessions for ...
2024-12-27 14:41:21.530 [info] Got 0 sessions for ...
2024-12-27 14:41:21.530 [info] Got 0 sessions for ...
2024-12-27 14:41:21.530 [info] Got 0 sessions for ...
2024-12-27 14:41:21.530 [info] Got 0 sessions for ...
2024-12-27 14:41:21.530 [info] Got 0 sessions for ...
2024-12-27 14:41:21.885 [info] Getting sessions for all scopes...
2024-12-27 14:41:21.885 [info] Got 0 sessions for ...
2024-12-27 14:41:29.990 [info] Getting sessions for read:user,repo,user:email...
2024-12-27 14:41:29.990 [info] Got 0 sessions for read:user,repo,user:email...
2024-12-27 14:41:29.990 [info] Getting sessions for read:user,repo,user:email,workflow...
2024-12-27 14:41:29.990 [info] Got 0 sessions for read:user,repo,user:email,workflow...
2024-12-27 14:41:29.990 [info] Getting sessions for all scopes...
2024-12-27 14:41:29.990 [info] Got 0 sessions for ...
2024-12-27 14:41:29.990 [info] Getting sessions for all scopes...
2024-12-27 14:41:29.990 [info] Got 0 sessions for ...
2024-12-27 14:41:30.080 [info] Getting sessions for project,read:org,read:user,repo,user:email,workflow...
2024-12-27 14:41:30.081 [info] Got 0 sessions for project,read:org,read:user,repo,user:email,workflow...
2024-12-27 14:41:30.389 [info] Getting sessions for read:user...
2024-12-27 14:41:30.389 [info] Got 0 sessions for read:user...
2024-12-27 14:41:30.389 [info] Getting sessions for user:email...
2024-12-27 14:41:30.389 [info] Got 0 sessions for user:email...
2024-12-27 14:41:30.389 [info] Getting sessions for read:user,repo,user:email,workflow...
2024-12-27 14:41:30.389 [info] Got 0 sessions for read:user,repo,user:email,workflow...
2024-12-27 14:41:30.456 [info] Getting sessions for read:user,repo,user:email,workflow...
2024-12-27 14:41:30.456 [info] Got 0 sessions for read:user,repo,user:email,workflow...
2024-12-27 14:41:31.107 [info] Getting sessions for user:email...
2024-12-27 14:41:31.107 [info] Got 0 sessions for user:email...
2024-12-27 14:41:31.107 [info] Getting sessions for all scopes...
2024-12-27 14:41:31.107 [info] Got 0 sessions for ...
2024-12-27 14:41:31.107 [info] Getting sessions for all scopes...
2024-12-27 14:41:31.107 [info] Got 0 sessions for ...
2024-12-27 14:41:31.362 [info] Getting sessions for read:user,repo,user:email...
2024-12-27 14:41:31.362 [info] Got 0 sessions for read:user,repo,user:email...
2024-12-27 14:41:31.384 [info] Getting sessions for read:user,repo,user:email,workflow...
2024-12-27 14:41:31.384 [info] Got 0 sessions for read:user,repo,user:email,workflow...
2024-12-27 14:41:31.384 [info] Getting sessions for user:email...
2024-12-27 14:41:31.384 [info] Got 0 sessions for user:email...
2024-12-27 14:41:31.394 [info] Getting sessions for read:user,repo,user:email,workflow...
2024-12-27 14:41:31.394 [info] Got 0 sessions for read:user,repo,user:email,workflow...
2024-12-27 14:41:31.430 [info] Getting sessions for read:user...
2024-12-27 14:41:31.430 [info] Got 0 sessions for read:user...
2024-12-27 14:41:31.430 [info] Getting sessions for all scopes...
2024-12-27 14:41:31.430 [info] Got 0 sessions for ...
2024-12-27 14:41:31.496 [info] Getting sessions for user:email...
2024-12-27 14:41:31.496 [info] Got 0 sessions for user:email...
2024-12-27 14:41:31.496 [info] Getting sessions for user:email...
2024-12-27 14:41:31.496 [info] Got 0 sessions for user:email...
2024-12-27 14:41:33.018 [info] Getting sessions for all scopes...
2024-12-27 14:41:33.018 [info] Got 0 sessions for ...
2024-12-27 14:41:33.242 [info] Getting sessions for user:email...
2024-12-27 14:41:33.242 [info] Got 0 sessions for user:email...
2024-12-27 14:41:33.264 [info] Getting sessions for all scopes...
2024-12-27 14:41:33.264 [info] Got 0 sessions for ...
2024-12-27 14:41:33.266 [info] Getting sessions for user:email...
2024-12-27 14:41:33.266 [info] Got 0 sessions for user:email...
