2024-12-27 14:41:20.315 [info] Deleted uninstalled extension from disk smpl-ndrw.deep-dark-space c:\Users\Usuario\.vscode\extensions\smpl-ndrw.deep-dark-space-1.10.0
2024-12-27 14:41:20.315 [info] Deleted uninstalled extension from disk rangav.vscode-thunder-client c:\Users\Usuario\.vscode\extensions\rangav.vscode-thunder-client-2.33.1
2024-12-27 14:41:20.316 [error] [uncaught exception in sharedProcess]: Error: ENOENT: no such file or directory, stat 'c:\Users\Usuario\.vscode\extensions\blackboxapp.blackbox-1.4.86.223af9fd.vsctmp': EntryNotFound (FileSystemError): Error: ENOENT: no such file or directory, stat 'c:\Users\Usuario\.vscode\extensions\blackboxapp.blackbox-1.4.86.223af9fd.vsctmp'
    at Gm.create (file:///c:/Users/Usuario/AppData/Local/Programs/Microsoft%20VS%20Code/resources/app/out/vs/code/electron-utility/sharedProcess/sharedProcessMain.js:35:39624)
    at xs (file:///c:/Users/Usuario/AppData/Local/Programs/Microsoft%20VS%20Code/resources/app/out/vs/code/electron-utility/sharedProcess/sharedProcessMain.js:35:39731)
    at Vr.ib (file:///c:/Users/Usuario/AppData/Local/Programs/Microsoft%20VS%20Code/resources/app/out/vs/code/electron-utility/sharedProcess/sharedProcessMain.js:78:22778)
    at Vr.stat (file:///c:/Users/Usuario/AppData/Local/Programs/Microsoft%20VS%20Code/resources/app/out/vs/code/electron-utility/sharedProcess/sharedProcessMain.js:78:16010)
    at async wh.stat (file:///c:/Users/Usuario/AppData/Local/Programs/Microsoft%20VS%20Code/resources/app/out/vs/code/electron-utility/sharedProcess/sharedProcessMain.js:77:85488)
    at async fh.Ab (file:///c:/Users/Usuario/AppData/Local/Programs/Microsoft%20VS%20Code/resources/app/out/vs/code/electron-utility/sharedProcess/sharedProcessMain.js:77:67180)
2024-12-27 14:41:20.664 [info] Deleted uninstalled extension from disk blackboxapp.blackbox c:\Users\Usuario\.vscode\extensions\blackboxapp.blackbox-1.4.86
2024-12-27 14:41:22.901 [info] Getting Manifest... blackboxapp.blackboxagent
2024-12-27 14:41:22.978 [info] Installing extension: blackboxapp.blackboxagent {"context":{"extensionInstallSource":"command"},"isMachineScoped":false,"pinned":false,"profileLocation":{"$mid":1,"external":"vscode-userdata:/c%3A/Users/Usuario/.vscode/extensions/extensions.json","path":"/c:/Users/Usuario/.vscode/extensions/extensions.json","scheme":"vscode-userdata"},"installOnlyNewlyAddedFromExtensionPack":true,"isApplicationScoped":false,"productVersion":{"version":"1.96.2","date":"2024-12-19T10:22:47.216Z"}}
2024-12-27 14:41:25.116 [info] Extension signature verification result for blackboxapp.blackboxagent: Success. Executed: true. Duration: 130ms.
2024-12-27 14:41:25.414 [info] Extracted extension to file:///c%3A/Users/Usuario/.vscode/extensions/blackboxapp.blackboxagent-2.6.8: blackboxapp.blackboxagent
2024-12-27 14:41:25.484 [info] Renamed to c:\Users\Usuario\.vscode\extensions\blackboxapp.blackboxagent-2.6.8
2024-12-27 14:41:25.573 [info] Extension installed successfully: blackboxapp.blackboxagent vscode-userdata:/c%3A/Users/Usuario/.vscode/extensions/extensions.json
2024-12-27 14:41:25.574 [error] [uncaught exception in sharedProcess]: Error: ENOENT: no such file or directory, stat 'c:\Users\Usuario\.vscode\extensions\extensions.json.vsctmp': EntryNotFound (FileSystemError): Error: ENOENT: no such file or directory, stat 'c:\Users\Usuario\.vscode\extensions\extensions.json.vsctmp'
    at Gm.create (file:///c:/Users/Usuario/AppData/Local/Programs/Microsoft%20VS%20Code/resources/app/out/vs/code/electron-utility/sharedProcess/sharedProcessMain.js:35:39624)
    at xs (file:///c:/Users/Usuario/AppData/Local/Programs/Microsoft%20VS%20Code/resources/app/out/vs/code/electron-utility/sharedProcess/sharedProcessMain.js:35:39731)
    at Vr.ib (file:///c:/Users/Usuario/AppData/Local/Programs/Microsoft%20VS%20Code/resources/app/out/vs/code/electron-utility/sharedProcess/sharedProcessMain.js:78:22778)
    at Vr.stat (file:///c:/Users/Usuario/AppData/Local/Programs/Microsoft%20VS%20Code/resources/app/out/vs/code/electron-utility/sharedProcess/sharedProcessMain.js:78:16010)
    at async wh.stat (file:///c:/Users/Usuario/AppData/Local/Programs/Microsoft%20VS%20Code/resources/app/out/vs/code/electron-utility/sharedProcess/sharedProcessMain.js:77:85488)
    at async fh.Ab (file:///c:/Users/Usuario/AppData/Local/Programs/Microsoft%20VS%20Code/resources/app/out/vs/code/electron-utility/sharedProcess/sharedProcessMain.js:77:67180)
