[1735321281682] INFO  (ext): SQLTools is starting
[1735321281684] INFO  (ext): initializing language client...
[1735321281685] INFO  (ext): Registering client for languages [{"scheme":"sqltools"},{"language":"sql","scheme":"untitled"},{"language":"sql","scheme":"file"},{"language":"sql","scheme":"sqltools"}]
    ns: "lc"
[1735321281691] INFO  (ext): loading plugins...
[1735321281691] INFO  (ext): registering Formatter Plugin.
    plugin: {
      "name": "Formatter Plugin"
    }
[1735321281691] INFO  (ext): registering Connection Manager Plugin.
    plugin: {
      "name": "Connection Manager Plugin"
    }
[1735321281692] INFO  (ext): registering CodeLens Plugin.
    plugin: {
      "name": "CodeLens Plugin",
      "registeredLanguages": []
    }
[1735321281693] INFO  (ext): registering Dependency Manager Plugin.
    plugin: {
      "name": "Dependency Manager Plugin",
      "installingDrivers": []
    }
[1735321281696] INFO  (ext): Connection explorer changed. Will be updated.
    ns: "conn-man:explorer"
[1735321281696] INFO  (ext): registering History Manager Plugin.
    plugin: {
      "name": "History Manager Plugin"
    }
[1735321281696] INFO  (ext): registering Bookmarks Manager Plugin.
    plugin: {
      "name": "Bookmarks Manager Plugin"
    }
[1735321281697] INFO  (ext): registering Authentication Provider Plugin.
    plugin: {
      "name": "Authentication Provider Plugin",
      "isRegistered": false
    }
[1735321281697] INFO  (ext): registering Object Drop-in Provider (plugin).
    plugin: {
      "type": "plugin",
      "name": "Object Drop-in Provider",
      "isRegistered": false
    }
[1735321281698] INFO  (ext): SQLTools activation completed. 15.5517 ms
[1735321281712] INFO  (ext): Formatter Plugin registered!
[1735321281712] INFO  (ext): CodeLens Plugin registered!
[1735321281712] INFO  (ext): Dependency Manager Plugin registered!
[1735321281712] INFO  (ext): Connection Manager Plugin registered!
[1735321281712] INFO  (ext): History Manager Plugin registered!
[1735321281712] INFO  (ext): Bookmarks Manager Plugin registered!
[1735321281713] INFO  (ext): Authentication Provider Plugin registered!
[1735321281713] INFO  (ext): Object Drop-in Provider (plugin) registered!
[1735321281886] INFO  (ext): Connection explorer changed. Will be updated.
    ns: "conn-man:explorer"
[1735321281895] INFO  (ls): SQLTools Server started!
===============================
Using node runtime?: no
ExecPath: C:\Users\Usuario\AppData\Local\Programs\Microsoft VS Code\Code.exe 
===============================
[1735321281915] INFO  (ext): LanguageClient ready
    ns: "lc"
[1735321281913] INFO  (ls): Initialized with node version:v20.18.1
[1735321288954] INFO  (ext): EXECUTING COMMAND => sqltools.refreshTree
[1735321288954] INFO  (ext): Connection explorer changed. Will be updated.
    ns: "conn-man:explorer"
[1735321288955] INFO  (ext): Connection explorer changed. Will be updated.
    ns: "conn-man:explorer"
[1735321289882] INFO  (ext): Connection explorer changed. Will be updated.
    ns: "conn-man:explorer"
[1735321290048] INFO  (ext): Connection explorer changed. Will be updated.
    ns: "conn-man:explorer"
